<?xml version="1.0" encoding="UTF-8"?>
<!-- Generated by org.testng.reporters.JUnitXMLReporter -->
<testsuite ignored="0" hostname="DESKTOP-KKBJT2E" failures="0" tests="4" name="Default test" time="83.888" errors="0" timestamp="2021-06-22T20:10:44 CEST">
  <testcase classname="tests.ProductsAndCartTests" name="verifyThatUserCanAddOneProductToCart" time="10.97"/>
  <testcase classname="tests.ProductsAndCartTests" name="verifyThatUserCanAddSameProductInCartIfQuantityIs3" time="6.877"/>
  <testcase classname="tests.ProductsAndCartTests" name="verifyThatUserCanRemoveProductFromCart" time="5.028"/>
  <testcase classname="tests.ProductsAndCartTests" name="verifyThatUserCanAdd3MultipleProductsInCart" time="20.719"/>
</testsuite> <!-- Default test -->
