<?xml version="1.0" encoding="UTF-8"?>
<!-- Generated by org.testng.reporters.JUnitXMLReporter -->
<testsuite ignored="0" hostname="DESKTOP-KKBJT2E" failures="0" tests="6" name="Default test" time="134.352" errors="0" timestamp="2021-06-15T14:00:29 CEST">
  <testcase classname="tests.LogInTests" name="logInWithValidCredentials" time="14.491"/>
  <testcase classname="tests.LogInTests" name="logInWithInvalidPassword" time="7.15"/>
  <testcase classname="tests.LogInTests" name="wrongEmailAddressFormat" time="9.075"/>
  <testcase classname="tests.LogInTests" name="emptyEmailAddressField" time="13.875"/>
  <testcase classname="tests.LogInTests" name="emptyPasswordField" time="16.802"/>
  <testcase classname="tests.LogInTests" name="emptyBothField" time="17.284"/>
</testsuite> <!-- Default test -->
